[2020-08-14 15:38:55.489] [renderer1] [error] Unable to read file 'ssh://houlamy.com/.vscode/settings.json' (Error: getaddrinfo ENOTFOUND houlamy.com): Error: Unable to read file 'ssh://houlamy.com/.vscode/settings.json' (Error: getaddrinfo ENOTFOUND houlamy.com)
    at b.doReadAsFileStream (file:///usr/lib/code/out/vs/workbench/workbench.desktop.main.js:1694:7)
    at processTicksAndRejections (internal/process/task_queues.js:85:5)
[2020-08-14 15:38:55.489] [renderer1] [error] Unable to read file 'ssh://houlamy.com/.vscode/tasks.json' (Error: getaddrinfo ENOTFOUND houlamy.com): Error: Unable to read file 'ssh://houlamy.com/.vscode/tasks.json' (Error: getaddrinfo ENOTFOUND houlamy.com)
    at b.doReadAsFileStream (file:///usr/lib/code/out/vs/workbench/workbench.desktop.main.js:1694:7)
    at processTicksAndRejections (internal/process/task_queues.js:85:5)
[2020-08-14 15:38:55.490] [renderer1] [error] Unable to read file 'ssh://houlamy.com/.vscode/launch.json' (Error: getaddrinfo ENOTFOUND houlamy.com): Error: Unable to read file 'ssh://houlamy.com/.vscode/launch.json' (Error: getaddrinfo ENOTFOUND houlamy.com)
    at b.doReadAsFileStream (file:///usr/lib/code/out/vs/workbench/workbench.desktop.main.js:1694:7)
    at processTicksAndRejections (internal/process/task_queues.js:85:5)
[2020-08-14 15:38:55.490] [renderer1] [error] Unable to read file 'ssh://houlamy.com/.vscode/settings.json' (Error: getaddrinfo ENOTFOUND houlamy.com): Error: Unable to read file 'ssh://houlamy.com/.vscode/settings.json' (Error: getaddrinfo ENOTFOUND houlamy.com)
    at b.doReadAsFileStream (file:///usr/lib/code/out/vs/workbench/workbench.desktop.main.js:1694:7)
    at processTicksAndRejections (internal/process/task_queues.js:85:5)
[2020-08-14 15:38:55.490] [renderer1] [error] Unable to read file 'ssh://houlamy.com/.vscode/tasks.json' (Error: getaddrinfo ENOTFOUND houlamy.com): Error: Unable to read file 'ssh://houlamy.com/.vscode/tasks.json' (Error: getaddrinfo ENOTFOUND houlamy.com)
    at b.doReadAsFileStream (file:///usr/lib/code/out/vs/workbench/workbench.desktop.main.js:1694:7)
    at processTicksAndRejections (internal/process/task_queues.js:85:5)
[2020-08-14 15:38:55.490] [renderer1] [error] Unable to read file 'ssh://houlamy.com/.vscode/launch.json' (Error: getaddrinfo ENOTFOUND houlamy.com): Error: Unable to read file 'ssh://houlamy.com/.vscode/launch.json' (Error: getaddrinfo ENOTFOUND houlamy.com)
    at b.doReadAsFileStream (file:///usr/lib/code/out/vs/workbench/workbench.desktop.main.js:1694:7)
    at processTicksAndRejections (internal/process/task_queues.js:85:5)
[2020-08-14 15:39:44.592] [renderer1] [error] Unable to read file 'ssh://houlamy.com/.vscode/settings.json' (Error: No such file): Error: Unable to read file 'ssh://houlamy.com/.vscode/settings.json' (Error: No such file)
    at b.doReadAsFileStream (file:///usr/lib/code/out/vs/workbench/workbench.desktop.main.js:1694:7)
    at processTicksAndRejections (internal/process/task_queues.js:85:5)
[2020-08-14 15:39:44.593] [renderer1] [error] Unable to read file 'ssh://houlamy.com/.vscode/tasks.json' (Error: No such file): Error: Unable to read file 'ssh://houlamy.com/.vscode/tasks.json' (Error: No such file)
    at b.doReadAsFileStream (file:///usr/lib/code/out/vs/workbench/workbench.desktop.main.js:1694:7)
    at processTicksAndRejections (internal/process/task_queues.js:85:5)
[2020-08-14 15:39:44.593] [renderer1] [error] Unable to read file 'ssh://houlamy.com/.vscode/launch.json' (Error: No such file): Error: Unable to read file 'ssh://houlamy.com/.vscode/launch.json' (Error: No such file)
    at b.doReadAsFileStream (file:///usr/lib/code/out/vs/workbench/workbench.desktop.main.js:1694:7)
    at processTicksAndRejections (internal/process/task_queues.js:85:5)
[2020-08-14 15:39:44.593] [renderer1] [error] Unable to read file 'ssh://houlamy.com/.vscode/settings.json' (Error: No such file): Error: Unable to read file 'ssh://houlamy.com/.vscode/settings.json' (Error: No such file)
    at b.doReadAsFileStream (file:///usr/lib/code/out/vs/workbench/workbench.desktop.main.js:1694:7)
    at processTicksAndRejections (internal/process/task_queues.js:85:5)
[2020-08-14 15:39:44.593] [renderer1] [error] Unable to read file 'ssh://houlamy.com/.vscode/tasks.json' (Error: No such file): Error: Unable to read file 'ssh://houlamy.com/.vscode/tasks.json' (Error: No such file)
    at b.doReadAsFileStream (file:///usr/lib/code/out/vs/workbench/workbench.desktop.main.js:1694:7)
    at processTicksAndRejections (internal/process/task_queues.js:85:5)
[2020-08-14 15:39:44.593] [renderer1] [error] Unable to read file 'ssh://houlamy.com/.vscode/launch.json' (Error: No such file): Error: Unable to read file 'ssh://houlamy.com/.vscode/launch.json' (Error: No such file)
    at b.doReadAsFileStream (file:///usr/lib/code/out/vs/workbench/workbench.desktop.main.js:1694:7)
    at processTicksAndRejections (internal/process/task_queues.js:85:5)
[2020-08-14 15:43:06.403] [renderer1] [error] Unable to read file 'ssh://vultr-configs/.vscode/settings.json' (Error: No such file): Error: Unable to read file 'ssh://vultr-configs/.vscode/settings.json' (Error: No such file)
    at b.doReadAsFileStream (file:///usr/lib/code/out/vs/workbench/workbench.desktop.main.js:1694:7)
    at processTicksAndRejections (internal/process/task_queues.js:85:5)
[2020-08-14 15:43:06.403] [renderer1] [error] Unable to read file 'ssh://vultr-configs/.vscode/tasks.json' (Error: No such file): Error: Unable to read file 'ssh://vultr-configs/.vscode/tasks.json' (Error: No such file)
    at b.doReadAsFileStream (file:///usr/lib/code/out/vs/workbench/workbench.desktop.main.js:1694:7)
    at processTicksAndRejections (internal/process/task_queues.js:85:5)
[2020-08-14 15:43:06.403] [renderer1] [error] Unable to read file 'ssh://vultr-configs/.vscode/launch.json' (Error: No such file): Error: Unable to read file 'ssh://vultr-configs/.vscode/launch.json' (Error: No such file)
    at b.doReadAsFileStream (file:///usr/lib/code/out/vs/workbench/workbench.desktop.main.js:1694:7)
    at processTicksAndRejections (internal/process/task_queues.js:85:5)
[2020-08-14 15:43:06.403] [renderer1] [error] Unable to read file 'ssh://vultr-configs/.vscode/settings.json' (Error: No such file): Error: Unable to read file 'ssh://vultr-configs/.vscode/settings.json' (Error: No such file)
    at b.doReadAsFileStream (file:///usr/lib/code/out/vs/workbench/workbench.desktop.main.js:1694:7)
    at processTicksAndRejections (internal/process/task_queues.js:85:5)
[2020-08-14 15:43:06.403] [renderer1] [error] Unable to read file 'ssh://vultr-configs/.vscode/tasks.json' (Error: No such file): Error: Unable to read file 'ssh://vultr-configs/.vscode/tasks.json' (Error: No such file)
    at b.doReadAsFileStream (file:///usr/lib/code/out/vs/workbench/workbench.desktop.main.js:1694:7)
    at processTicksAndRejections (internal/process/task_queues.js:85:5)
[2020-08-14 15:43:06.404] [renderer1] [error] Unable to read file 'ssh://vultr-configs/.vscode/launch.json' (Error: No such file): Error: Unable to read file 'ssh://vultr-configs/.vscode/launch.json' (Error: No such file)
    at b.doReadAsFileStream (file:///usr/lib/code/out/vs/workbench/workbench.desktop.main.js:1694:7)
    at processTicksAndRejections (internal/process/task_queues.js:85:5)
[2020-08-14 15:43:25.939] [renderer1] [error] Unable to read file 'ssh://vultr-web/.vscode/settings.json' (Error: No such file): Error: Unable to read file 'ssh://vultr-web/.vscode/settings.json' (Error: No such file)
    at b.doReadAsFileStream (file:///usr/lib/code/out/vs/workbench/workbench.desktop.main.js:1694:7)
    at processTicksAndRejections (internal/process/task_queues.js:85:5)
[2020-08-14 15:43:25.939] [renderer1] [error] Unable to read file 'ssh://vultr-web/.vscode/tasks.json' (Error: No such file): Error: Unable to read file 'ssh://vultr-web/.vscode/tasks.json' (Error: No such file)
    at b.doReadAsFileStream (file:///usr/lib/code/out/vs/workbench/workbench.desktop.main.js:1694:7)
    at processTicksAndRejections (internal/process/task_queues.js:85:5)
[2020-08-14 15:43:25.939] [renderer1] [error] Unable to read file 'ssh://vultr-web/.vscode/launch.json' (Error: No such file): Error: Unable to read file 'ssh://vultr-web/.vscode/launch.json' (Error: No such file)
    at b.doReadAsFileStream (file:///usr/lib/code/out/vs/workbench/workbench.desktop.main.js:1694:7)
    at processTicksAndRejections (internal/process/task_queues.js:85:5)
[2020-08-14 15:43:25.940] [renderer1] [error] Unable to read file 'ssh://vultr-web/.vscode/settings.json' (Error: No such file): Error: Unable to read file 'ssh://vultr-web/.vscode/settings.json' (Error: No such file)
    at b.doReadAsFileStream (file:///usr/lib/code/out/vs/workbench/workbench.desktop.main.js:1694:7)
    at processTicksAndRejections (internal/process/task_queues.js:85:5)
[2020-08-14 15:43:25.940] [renderer1] [error] Unable to read file 'ssh://vultr-web/.vscode/tasks.json' (Error: No such file): Error: Unable to read file 'ssh://vultr-web/.vscode/tasks.json' (Error: No such file)
    at b.doReadAsFileStream (file:///usr/lib/code/out/vs/workbench/workbench.desktop.main.js:1694:7)
    at processTicksAndRejections (internal/process/task_queues.js:85:5)
[2020-08-14 15:43:25.940] [renderer1] [error] Unable to read file 'ssh://vultr-web/.vscode/launch.json' (Error: No such file): Error: Unable to read file 'ssh://vultr-web/.vscode/launch.json' (Error: No such file)
    at b.doReadAsFileStream (file:///usr/lib/code/out/vs/workbench/workbench.desktop.main.js:1694:7)
    at processTicksAndRejections (internal/process/task_queues.js:85:5)
[2020-08-14 15:45:45.869] [renderer1] [error] Cannot read property 'markers' of undefined: TypeError: Cannot read property 'markers' of undefined
    at K.setTreeSelection (file:///usr/lib/code/out/vs/workbench/workbench.desktop.main.js:7059:728)
    at K.refreshPanel (file:///usr/lib/code/out/vs/workbench/workbench.desktop.main.js:7059:569)
    at K.onDidChangeModel (file:///usr/lib/code/out/vs/workbench/workbench.desktop.main.js:7065:411)
    at file:///usr/lib/code/out/vs/workbench/workbench.desktop.main.js:7064:690
    at file:///usr/lib/code/out/vs/workbench/workbench.desktop.main.js:92:235
    at c.fire (file:///usr/lib/code/out/vs/workbench/workbench.desktop.main.js:95:801)
    at t.MarkersModel.setResourceMarkers (file:///usr/lib/code/out/vs/workbench/workbench.desktop.main.js:3207:741)
    at p.onMarkerChanged (file:///usr/lib/code/out/vs/workbench/workbench.desktop.main.js:3492:193)
    at file:///usr/lib/code/out/vs/workbench/workbench.desktop.main.js:3492:121
    at c.fire (file:///usr/lib/code/out/vs/workbench/workbench.desktop.main.js:95:801)
    at file:///usr/lib/code/out/vs/workbench/workbench.desktop.main.js:91:915
