["INFO" - 3:38:33 PM] Extension Name: esbenp.prettier-vscode.
["INFO" - 3:38:33 PM] Extension Version: 5.1.3.
["INFO" - 3:38:33 PM] Enabling prettier for languages
[
  "css",
  "graphql",
  "html",
  "javascript",
  "javascriptreact",
  "json",
  "json5",
  "jsonc",
  "less",
  "markdown",
  "mdx",
  "mongo",
  "postcss",
  "scss",
  "typescript",
  "typescriptreact",
  "vue",
  "yaml"
]
["INFO" - 3:38:33 PM] Enabling prettier for range supported languages
[
  "graphql",
  "javascript",
  "javascriptreact",
  "json",
  "typescript",
  "typescriptreact"
]
["INFO" - 3:38:55 PM] Formatting /home/nate/.config/Code - OSS/Workspaces/1597397846263/workspace.json
["INFO" - 3:38:55 PM] Using ignore file (if present) at undefined
["INFO" - 3:38:55 PM] Using bundled version of prettier.
["INFO" - 3:38:55 PM] File Info:
{
  "ignored": false,
  "inferredParser": "json"
}
["INFO" - 3:38:55 PM] No local configuration (i.e. .prettierrc or .editorconfig) detected, falling back to VS Code configuration
["INFO" - 3:38:55 PM] Prettier Options:
{
  "arrowParens": "always",
  "bracketSpacing": true,
  "endOfLine": "lf",
  "htmlWhitespaceSensitivity": "css",
  "insertPragma": false,
  "jsxBracketSameLine": false,
  "jsxSingleQuote": false,
  "printWidth": 80,
  "proseWrap": "preserve",
  "quoteProps": "as-needed",
  "requirePragma": false,
  "semi": true,
  "singleQuote": true,
  "tabWidth": 2,
  "trailingComma": "es5",
  "useTabs": false,
  "vueIndentScriptAndStyle": false,
  "filepath": "/home/nate/.config/Code - OSS/Workspaces/1597397846263/workspace.json",
  "parser": "json"
}
["INFO" - 3:38:55 PM] Formatting completed in 226.595618ms.
["INFO" - 3:38:55 PM] Enabling prettier for languages
[
  "css",
  "graphql",
  "html",
  "javascript",
  "javascriptreact",
  "json",
  "json5",
  "jsonc",
  "less",
  "markdown",
  "mdx",
  "mongo",
  "postcss",
  "scss",
  "typescript",
  "typescriptreact",
  "vue",
  "yaml"
]
["INFO" - 3:38:55 PM] Enabling prettier for range supported languages
[
  "graphql",
  "javascript",
  "javascriptreact",
  "json",
  "typescript",
  "typescriptreact"
]
["INFO" - 3:39:31 PM] Formatting /home/nate/.config/Code - OSS/Workspaces/1597397846263/workspace.json
["INFO" - 3:39:31 PM] Using ignore file (if present) at undefined
["INFO" - 3:39:31 PM] Using bundled version of prettier.
["INFO" - 3:39:31 PM] File Info:
{
  "ignored": false,
  "inferredParser": "json"
}
["INFO" - 3:39:31 PM] No local configuration (i.e. .prettierrc or .editorconfig) detected, falling back to VS Code configuration
["INFO" - 3:39:31 PM] Prettier Options:
{
  "arrowParens": "always",
  "bracketSpacing": true,
  "endOfLine": "lf",
  "htmlWhitespaceSensitivity": "css",
  "insertPragma": false,
  "jsxBracketSameLine": false,
  "jsxSingleQuote": false,
  "printWidth": 80,
  "proseWrap": "preserve",
  "quoteProps": "as-needed",
  "requirePragma": false,
  "semi": true,
  "singleQuote": true,
  "tabWidth": 2,
  "trailingComma": "es5",
  "useTabs": false,
  "vueIndentScriptAndStyle": false,
  "filepath": "/home/nate/.config/Code - OSS/Workspaces/1597397846263/workspace.json",
  "parser": "json"
}
["INFO" - 3:39:31 PM] Formatting completed in 32.895577ms.
["INFO" - 3:39:31 PM] Enabling prettier for languages
[
  "css",
  "graphql",
  "html",
  "javascript",
  "javascriptreact",
  "json",
  "json5",
  "jsonc",
  "less",
  "markdown",
  "mdx",
  "mongo",
  "postcss",
  "scss",
  "typescript",
  "typescriptreact",
  "vue",
  "yaml"
]
["INFO" - 3:39:31 PM] Enabling prettier for range supported languages
[
  "graphql",
  "javascript",
  "javascriptreact",
  "json",
  "typescript",
  "typescriptreact"
]
["INFO" - 3:39:43 PM] Formatting /home/nate/.config/Code - OSS/Workspaces/1597397846263/workspace.json
["INFO" - 3:39:43 PM] Using ignore file (if present) at undefined
["INFO" - 3:39:43 PM] Using bundled version of prettier.
["INFO" - 3:39:43 PM] File Info:
{
  "ignored": false,
  "inferredParser": "json"
}
["INFO" - 3:39:43 PM] No local configuration (i.e. .prettierrc or .editorconfig) detected, falling back to VS Code configuration
["INFO" - 3:39:43 PM] Prettier Options:
{
  "arrowParens": "always",
  "bracketSpacing": true,
  "endOfLine": "lf",
  "htmlWhitespaceSensitivity": "css",
  "insertPragma": false,
  "jsxBracketSameLine": false,
  "jsxSingleQuote": false,
  "printWidth": 80,
  "proseWrap": "preserve",
  "quoteProps": "as-needed",
  "requirePragma": false,
  "semi": true,
  "singleQuote": true,
  "tabWidth": 2,
  "trailingComma": "es5",
  "useTabs": false,
  "vueIndentScriptAndStyle": false,
  "filepath": "/home/nate/.config/Code - OSS/Workspaces/1597397846263/workspace.json",
  "parser": "json"
}
["INFO" - 3:39:43 PM] Formatting completed in 26.807522ms.
["INFO" - 3:39:44 PM] Enabling prettier for languages
[
  "css",
  "graphql",
  "html",
  "javascript",
  "javascriptreact",
  "json",
  "json5",
  "jsonc",
  "less",
  "markdown",
  "mdx",
  "mongo",
  "postcss",
  "scss",
  "typescript",
  "typescriptreact",
  "vue",
  "yaml"
]
["INFO" - 3:39:44 PM] Enabling prettier for range supported languages
[
  "graphql",
  "javascript",
  "javascriptreact",
  "json",
  "typescript",
  "typescriptreact"
]
["INFO" - 3:40:44 PM] Formatting /home/nate/.config/Code - OSS/Workspaces/1597397846263/workspace.json
["INFO" - 3:40:44 PM] Using ignore file (if present) at undefined
["INFO" - 3:40:44 PM] Using bundled version of prettier.
["INFO" - 3:40:44 PM] File Info:
{
  "ignored": false,
  "inferredParser": "json"
}
["INFO" - 3:40:44 PM] No local configuration (i.e. .prettierrc or .editorconfig) detected, falling back to VS Code configuration
["INFO" - 3:40:44 PM] Prettier Options:
{
  "arrowParens": "always",
  "bracketSpacing": true,
  "endOfLine": "lf",
  "htmlWhitespaceSensitivity": "css",
  "insertPragma": false,
  "jsxBracketSameLine": false,
  "jsxSingleQuote": false,
  "printWidth": 80,
  "proseWrap": "preserve",
  "quoteProps": "as-needed",
  "requirePragma": false,
  "semi": true,
  "singleQuote": true,
  "tabWidth": 2,
  "trailingComma": "es5",
  "useTabs": false,
  "vueIndentScriptAndStyle": false,
  "filepath": "/home/nate/.config/Code - OSS/Workspaces/1597397846263/workspace.json",
  "parser": "json"
}
["INFO" - 3:40:44 PM] Formatting completed in 32.126736ms.
["INFO" - 3:40:44 PM] Enabling prettier for languages
[
  "css",
  "graphql",
  "html",
  "javascript",
  "javascriptreact",
  "json",
  "json5",
  "jsonc",
  "less",
  "markdown",
  "mdx",
  "mongo",
  "postcss",
  "scss",
  "typescript",
  "typescriptreact",
  "vue",
  "yaml"
]
["INFO" - 3:40:44 PM] Enabling prettier for range supported languages
[
  "graphql",
  "javascript",
  "javascriptreact",
  "json",
  "typescript",
  "typescriptreact"
]
["INFO" - 3:43:05 PM] Formatting /home/nate/.config/Code - OSS/Workspaces/1597397846263/workspace.json
["INFO" - 3:43:05 PM] Using ignore file (if present) at undefined
["INFO" - 3:43:05 PM] Using bundled version of prettier.
["INFO" - 3:43:05 PM] File Info:
{
  "ignored": false,
  "inferredParser": "json"
}
["INFO" - 3:43:05 PM] No local configuration (i.e. .prettierrc or .editorconfig) detected, falling back to VS Code configuration
["INFO" - 3:43:05 PM] Prettier Options:
{
  "arrowParens": "always",
  "bracketSpacing": true,
  "endOfLine": "lf",
  "htmlWhitespaceSensitivity": "css",
  "insertPragma": false,
  "jsxBracketSameLine": false,
  "jsxSingleQuote": false,
  "printWidth": 80,
  "proseWrap": "preserve",
  "quoteProps": "as-needed",
  "requirePragma": false,
  "semi": true,
  "singleQuote": true,
  "tabWidth": 2,
  "trailingComma": "es5",
  "useTabs": false,
  "vueIndentScriptAndStyle": false,
  "filepath": "/home/nate/.config/Code - OSS/Workspaces/1597397846263/workspace.json",
  "parser": "json"
}
["INFO" - 3:43:05 PM] Formatting completed in 61.365351ms.
["INFO" - 3:43:06 PM] Enabling prettier for languages
[
  "css",
  "graphql",
  "html",
  "javascript",
  "javascriptreact",
  "json",
  "json5",
  "jsonc",
  "less",
  "markdown",
  "mdx",
  "mongo",
  "postcss",
  "scss",
  "typescript",
  "typescriptreact",
  "vue",
  "yaml"
]
["INFO" - 3:43:06 PM] Enabling prettier for range supported languages
[
  "graphql",
  "javascript",
  "javascriptreact",
  "json",
  "typescript",
  "typescriptreact"
]
["INFO" - 3:43:23 PM] Formatting /home/nate/.config/Code - OSS/Workspaces/1597397846263/workspace.json
["INFO" - 3:43:23 PM] Using ignore file (if present) at undefined
["INFO" - 3:43:23 PM] Using bundled version of prettier.
["INFO" - 3:43:23 PM] File Info:
{
  "ignored": false,
  "inferredParser": "json"
}
["INFO" - 3:43:23 PM] No local configuration (i.e. .prettierrc or .editorconfig) detected, falling back to VS Code configuration
["INFO" - 3:43:23 PM] Prettier Options:
{
  "arrowParens": "always",
  "bracketSpacing": true,
  "endOfLine": "lf",
  "htmlWhitespaceSensitivity": "css",
  "insertPragma": false,
  "jsxBracketSameLine": false,
  "jsxSingleQuote": false,
  "printWidth": 80,
  "proseWrap": "preserve",
  "quoteProps": "as-needed",
  "requirePragma": false,
  "semi": true,
  "singleQuote": true,
  "tabWidth": 2,
  "trailingComma": "es5",
  "useTabs": false,
  "vueIndentScriptAndStyle": false,
  "filepath": "/home/nate/.config/Code - OSS/Workspaces/1597397846263/workspace.json",
  "parser": "json"
}
["INFO" - 3:43:23 PM] Formatting completed in 18.540505ms.
["INFO" - 3:43:25 PM] Enabling prettier for languages
[
  "css",
  "graphql",
  "html",
  "javascript",
  "javascriptreact",
  "json",
  "json5",
  "jsonc",
  "less",
  "markdown",
  "mdx",
  "mongo",
  "postcss",
  "scss",
  "typescript",
  "typescriptreact",
  "vue",
  "yaml"
]
["INFO" - 3:43:25 PM] Enabling prettier for range supported languages
[
  "graphql",
  "javascript",
  "javascriptreact",
  "json",
  "typescript",
  "typescriptreact"
]
