[2020-08-27 16:01:26.952] [renderer1] [error] Unable to read file 'ssh://vultr-web/.vscode/settings.json' (Error: No such file): Error: Unable to read file 'ssh://vultr-web/.vscode/settings.json' (Error: No such file)
    at b.doReadAsFileStream (file:///usr/lib/code/out/vs/workbench/workbench.desktop.main.js:1704:7)
    at processTicksAndRejections (internal/process/task_queues.js:85:5)
[2020-08-27 16:01:26.952] [renderer1] [error] Unable to read file 'ssh://vultr-web/.vscode/tasks.json' (Error: No such file): Error: Unable to read file 'ssh://vultr-web/.vscode/tasks.json' (Error: No such file)
    at b.doReadAsFileStream (file:///usr/lib/code/out/vs/workbench/workbench.desktop.main.js:1704:7)
    at processTicksAndRejections (internal/process/task_queues.js:85:5)
[2020-08-27 16:01:26.953] [renderer1] [error] Unable to read file 'ssh://vultr-web/.vscode/launch.json' (Error: No such file): Error: Unable to read file 'ssh://vultr-web/.vscode/launch.json' (Error: No such file)
    at b.doReadAsFileStream (file:///usr/lib/code/out/vs/workbench/workbench.desktop.main.js:1704:7)
    at processTicksAndRejections (internal/process/task_queues.js:85:5)
[2020-08-27 16:01:26.953] [renderer1] [error] Unable to read file 'ssh://vultr-web/.vscode/settings.json' (Error: No such file): Error: Unable to read file 'ssh://vultr-web/.vscode/settings.json' (Error: No such file)
    at b.doReadAsFileStream (file:///usr/lib/code/out/vs/workbench/workbench.desktop.main.js:1704:7)
    at processTicksAndRejections (internal/process/task_queues.js:85:5)
[2020-08-27 16:01:26.953] [renderer1] [error] Unable to read file 'ssh://vultr-web/.vscode/tasks.json' (Error: No such file): Error: Unable to read file 'ssh://vultr-web/.vscode/tasks.json' (Error: No such file)
    at b.doReadAsFileStream (file:///usr/lib/code/out/vs/workbench/workbench.desktop.main.js:1704:7)
    at processTicksAndRejections (internal/process/task_queues.js:85:5)
[2020-08-27 16:01:26.953] [renderer1] [error] Unable to read file 'ssh://vultr-web/.vscode/launch.json' (Error: No such file): Error: Unable to read file 'ssh://vultr-web/.vscode/launch.json' (Error: No such file)
    at b.doReadAsFileStream (file:///usr/lib/code/out/vs/workbench/workbench.desktop.main.js:1704:7)
    at processTicksAndRejections (internal/process/task_queues.js:85:5)
[2020-08-27 16:01:27.115] [renderer1] [error] Unable to read file 'ssh://vultr-configs/.vscode/settings.json' (Error: No such file): Error: Unable to read file 'ssh://vultr-configs/.vscode/settings.json' (Error: No such file)
    at b.doReadAsFileStream (file:///usr/lib/code/out/vs/workbench/workbench.desktop.main.js:1704:7)
    at processTicksAndRejections (internal/process/task_queues.js:85:5)
[2020-08-27 16:01:27.115] [renderer1] [error] Unable to read file 'ssh://vultr-configs/.vscode/tasks.json' (Error: No such file): Error: Unable to read file 'ssh://vultr-configs/.vscode/tasks.json' (Error: No such file)
    at b.doReadAsFileStream (file:///usr/lib/code/out/vs/workbench/workbench.desktop.main.js:1704:7)
    at processTicksAndRejections (internal/process/task_queues.js:85:5)
[2020-08-27 16:01:27.115] [renderer1] [error] Unable to read file 'ssh://vultr-configs/.vscode/launch.json' (Error: No such file): Error: Unable to read file 'ssh://vultr-configs/.vscode/launch.json' (Error: No such file)
    at b.doReadAsFileStream (file:///usr/lib/code/out/vs/workbench/workbench.desktop.main.js:1704:7)
    at processTicksAndRejections (internal/process/task_queues.js:85:5)
[2020-08-27 16:01:27.115] [renderer1] [error] Unable to read file 'ssh://vultr-configs/.vscode/settings.json' (Error: No such file): Error: Unable to read file 'ssh://vultr-configs/.vscode/settings.json' (Error: No such file)
    at b.doReadAsFileStream (file:///usr/lib/code/out/vs/workbench/workbench.desktop.main.js:1704:7)
    at processTicksAndRejections (internal/process/task_queues.js:85:5)
[2020-08-27 16:01:27.116] [renderer1] [error] Unable to read file 'ssh://vultr-configs/.vscode/tasks.json' (Error: No such file): Error: Unable to read file 'ssh://vultr-configs/.vscode/tasks.json' (Error: No such file)
    at b.doReadAsFileStream (file:///usr/lib/code/out/vs/workbench/workbench.desktop.main.js:1704:7)
    at processTicksAndRejections (internal/process/task_queues.js:85:5)
[2020-08-27 16:01:27.116] [renderer1] [error] Unable to read file 'ssh://vultr-configs/.vscode/launch.json' (Error: No such file): Error: Unable to read file 'ssh://vultr-configs/.vscode/launch.json' (Error: No such file)
    at b.doReadAsFileStream (file:///usr/lib/code/out/vs/workbench/workbench.desktop.main.js:1704:7)
    at processTicksAndRejections (internal/process/task_queues.js:85:5)
