[2020-08-29 19:49:19.409] [exthost] [info] extension host started
[2020-08-29 19:49:19.422] [exthost] [info] ExtensionService#_doActivateExtension Kelvin.vscode-sshfs {"startup":false,"extensionId":{"value":"Kelvin.vscode-sshfs","_lower":"kelvin.vscode-sshfs"},"activationEvent":"onView:sshfs-configs"}
[2020-08-29 19:49:19.422] [exthost] [info] ExtensionService#loadCommonJSModule file:///home/nate/.vscode-oss/extensions/kelvin.vscode-sshfs-1.18.3/dist/extension.js
[2020-08-29 19:49:19.425] [exthost] [info] ExtensionService#_doActivateExtension vscode.emmet {"startup":false,"extensionId":{"value":"vscode.emmet","_lower":"vscode.emmet"},"activationEvent":"onLanguage:html"}
[2020-08-29 19:49:19.425] [exthost] [info] ExtensionService#loadCommonJSModule file:///usr/lib/code/extensions/emmet/dist/node/emmetNodeMain
[2020-08-29 19:49:19.435] [exthost] [info] ExtensionService#_doActivateExtension vscode.html-language-features {"startup":false,"extensionId":{"value":"vscode.html-language-features","_lower":"vscode.html-language-features"},"activationEvent":"onLanguage:html"}
[2020-08-29 19:49:19.435] [exthost] [info] ExtensionService#loadCommonJSModule file:///usr/lib/code/extensions/html-language-features/client/dist/node/htmlClientMain
[2020-08-29 19:49:19.446] [exthost] [info] ExtensionService#_doActivateExtension ecmel.vscode-html-css {"startup":false,"extensionId":{"value":"ecmel.vscode-html-css","_lower":"ecmel.vscode-html-css"},"activationEvent":"onLanguage:html"}
[2020-08-29 19:49:19.446] [exthost] [info] ExtensionService#loadCommonJSModule file:///home/nate/.vscode-oss/extensions/ecmel.vscode-html-css-0.2.3/dist/extension
[2020-08-29 19:49:19.478] [exthost] [info] ExtensionService#_doActivateExtension vscode.debug-auto-launch {"startup":true,"extensionId":{"value":"vscode.debug-auto-launch","_lower":"vscode.debug-auto-launch"},"activationEvent":"*"}
[2020-08-29 19:49:19.478] [exthost] [info] ExtensionService#loadCommonJSModule file:///usr/lib/code/extensions/debug-auto-launch/dist/extension
[2020-08-29 19:49:19.488] [exthost] [info] ExtensionService#_doActivateExtension vscode.git {"startup":true,"extensionId":{"value":"vscode.github","_lower":"vscode.github"},"activationEvent":"*"}
[2020-08-29 19:49:19.488] [exthost] [info] ExtensionService#loadCommonJSModule file:///usr/lib/code/extensions/git/dist/main
[2020-08-29 19:49:19.507] [exthost] [info] ExtensionService#_doActivateExtension vscode.github-authentication {"startup":true,"extensionId":{"value":"vscode.github-authentication","_lower":"vscode.github-authentication"},"activationEvent":"*"}
[2020-08-29 19:49:19.507] [exthost] [info] ExtensionService#loadCommonJSModule file:///usr/lib/code/extensions/github-authentication/dist/extension.js
[2020-08-29 19:49:19.513] [exthost] [info] ExtensionService#_doActivateExtension vscode.merge-conflict {"startup":true,"extensionId":{"value":"vscode.merge-conflict","_lower":"vscode.merge-conflict"},"activationEvent":"*"}
[2020-08-29 19:49:19.513] [exthost] [info] ExtensionService#loadCommonJSModule file:///usr/lib/code/extensions/merge-conflict/dist/mergeConflictMain
[2020-08-29 19:49:19.516] [exthost] [info] ExtensionService#_doActivateExtension vscode.microsoft-authentication {"startup":true,"extensionId":{"value":"vscode.microsoft-authentication","_lower":"vscode.microsoft-authentication"},"activationEvent":"*"}
[2020-08-29 19:49:19.516] [exthost] [info] ExtensionService#loadCommonJSModule file:///usr/lib/code/extensions/microsoft-authentication/dist/extension.js
[2020-08-29 19:49:19.521] [exthost] [info] ExtensionService#_doActivateExtension vscode.search-result {"startup":true,"extensionId":{"value":"vscode.search-result","_lower":"vscode.search-result"},"activationEvent":"*"}
[2020-08-29 19:49:19.522] [exthost] [info] ExtensionService#loadCommonJSModule file:///usr/lib/code/extensions/search-result/dist/extension.js
[2020-08-29 19:49:19.525] [exthost] [info] ExtensionService#_doActivateExtension christian-kohler.path-intellisense {"startup":true,"extensionId":{"value":"christian-kohler.path-intellisense","_lower":"christian-kohler.path-intellisense"},"activationEvent":"*"}
[2020-08-29 19:49:19.525] [exthost] [info] ExtensionService#loadCommonJSModule file:///home/nate/.vscode-oss/extensions/christian-kohler.path-intellisense-2.2.1/out/extension.js
[2020-08-29 19:49:19.546] [exthost] [info] ExtensionService#_doActivateExtension CoenraadS.bracket-pair-colorizer-2 {"startup":true,"extensionId":{"value":"CoenraadS.bracket-pair-colorizer-2","_lower":"coenraads.bracket-pair-colorizer-2"},"activationEvent":"*"}
[2020-08-29 19:49:19.546] [exthost] [info] ExtensionService#loadCommonJSModule file:///home/nate/.vscode-oss/extensions/coenraads.bracket-pair-colorizer-2-0.2.0/out/src/extension
[2020-08-29 19:49:19.564] [exthost] [info] ExtensionService#_doActivateExtension Equinusocio.vsc-material-theme {"startup":true,"extensionId":{"value":"Equinusocio.vsc-material-theme","_lower":"equinusocio.vsc-material-theme"},"activationEvent":"*"}
[2020-08-29 19:49:19.564] [exthost] [info] ExtensionService#loadCommonJSModule file:///home/nate/.vscode-oss/extensions/equinusocio.vsc-material-theme-32.8.0/build/material.theme.config
[2020-08-29 19:49:19.572] [exthost] [info] ExtensionService#_doActivateExtension equinusocio.vsc-material-theme-icons {"startup":true,"extensionId":{"value":"equinusocio.vsc-material-theme-icons","_lower":"equinusocio.vsc-material-theme-icons"},"activationEvent":"*"}
[2020-08-29 19:49:19.572] [exthost] [info] ExtensionService#loadCommonJSModule file:///home/nate/.vscode-oss/extensions/equinusocio.vsc-material-theme-icons-1.2.0/out/src/extension
[2020-08-29 19:49:19.582] [exthost] [info] ExtensionService#_doActivateExtension esbenp.prettier-vscode {"startup":true,"extensionId":{"value":"esbenp.prettier-vscode","_lower":"esbenp.prettier-vscode"},"activationEvent":"*"}
[2020-08-29 19:49:19.582] [exthost] [info] ExtensionService#loadCommonJSModule file:///home/nate/.vscode-oss/extensions/esbenp.prettier-vscode-5.5.0/dist/extension
[2020-08-29 19:49:19.636] [exthost] [info] ExtensionService#_doActivateExtension naumovs.color-highlight {"startup":true,"extensionId":{"value":"naumovs.color-highlight","_lower":"naumovs.color-highlight"},"activationEvent":"*"}
[2020-08-29 19:49:19.637] [exthost] [info] ExtensionService#loadCommonJSModule file:///home/nate/.vscode-oss/extensions/naumovs.color-highlight-2.3.0/dist/extension
[2020-08-29 19:49:19.645] [exthost] [info] ExtensionService#_doActivateExtension PKief.material-icon-theme {"startup":true,"extensionId":{"value":"PKief.material-icon-theme","_lower":"pkief.material-icon-theme"},"activationEvent":"*"}
[2020-08-29 19:49:19.645] [exthost] [info] ExtensionService#loadCommonJSModule file:///home/nate/.vscode-oss/extensions/pkief.material-icon-theme-4.2.0/dist/extension
[2020-08-29 19:49:19.650] [exthost] [info] ExtensionService#_doActivateExtension pranaygp.vscode-css-peek {"startup":true,"extensionId":{"value":"pranaygp.vscode-css-peek","_lower":"pranaygp.vscode-css-peek"},"activationEvent":"*"}
[2020-08-29 19:49:19.650] [exthost] [info] ExtensionService#loadCommonJSModule file:///home/nate/.vscode-oss/extensions/pranaygp.vscode-css-peek-4.0.0/client/out/extension
[2020-08-29 19:49:19.699] [exthost] [info] ExtensionService#_doActivateExtension ritwickdey.LiveServer {"startup":true,"extensionId":{"value":"ritwickdey.LiveServer","_lower":"ritwickdey.liveserver"},"activationEvent":"*"}
[2020-08-29 19:49:19.699] [exthost] [info] ExtensionService#loadCommonJSModule file:///home/nate/.vscode-oss/extensions/ritwickdey.liveserver-5.6.1/out/src/extension
[2020-08-29 19:49:20.090] [exthost] [info] ExtensionService#_doActivateExtension RobbOwen.synthwave-vscode {"startup":true,"extensionId":{"value":"RobbOwen.synthwave-vscode","_lower":"robbowen.synthwave-vscode"},"activationEvent":"*"}
[2020-08-29 19:49:20.090] [exthost] [info] ExtensionService#loadCommonJSModule file:///home/nate/.vscode-oss/extensions/robbowen.synthwave-vscode-0.1.8/src/extension.js
[2020-08-29 19:49:20.606] [exthost] [info] ExtensionService#_doActivateExtension vscode.github {"startup":true,"extensionId":{"value":"vscode.github","_lower":"vscode.github"},"activationEvent":"*"}
[2020-08-29 19:49:20.606] [exthost] [info] ExtensionService#loadCommonJSModule file:///usr/lib/code/extensions/github/dist/extension.js
[2020-08-29 19:49:20.620] [exthost] [info] eager extensions activated
[2020-08-29 19:49:25.468] [exthost] [info] ExtensionService#_doActivateExtension vscode.css-language-features {"startup":false,"extensionId":{"value":"vscode.css-language-features","_lower":"vscode.css-language-features"},"activationEvent":"onLanguage:css"}
[2020-08-29 19:49:25.468] [exthost] [info] ExtensionService#loadCommonJSModule file:///usr/lib/code/extensions/css-language-features/client/dist/node/cssClientMain
