[2020-08-14 12:10:47.869] [sharedprocess] [info] main {"machineId":"ef6eaabb028b46b12b77f25dd02de8836fa915fac6b516dc434b8377d54b05dc","windowId":2}
[2020-08-14 12:10:47.935] [sharedprocess] [info] vscode-icons-team.vscode-icons 10.2.0 Running post uninstall script
[2020-08-14 12:10:48.020] [sharedprocess] [info] Deleted from disk ms-vscode.theme-markdownkit /home/nate/.vscode-oss/extensions/ms-vscode.theme-markdownkit-0.1.4
[2020-08-14 12:10:48.024] [sharedprocess] [info] Deleted from disk vscode-icons-team.vscode-icons /home/nate/.vscode-oss/extensions/vscode-icons-team.vscode-icons-10.2.0
[2020-08-14 12:10:48.033] [sharedprocess] [error] vscode-icons-team.vscode-icons 10.2.0 post-uninstall internal/modules/cjs/loader.js:720
    throw err;
    ^

Error: Cannot find module '/home/nate/.vscode-oss/extensions/vscode-icons-team.vscode-icons-10.2.0/dist/src/uninstall.bundle.js'
    at Function.Module._resolveFilename (internal/modules/cjs/loader.js:717:15)
    at Module._load (internal/modules/cjs/loader.js:622:27)
    at Module._load (electron/js2c/asar.js:717:26)
    at Function.Module._load (electron/js2c/asar.js:717:26)
    at Function.Module.runMain (internal/modules/cjs/loader.js:944:10)
    at internal/main/run_main_module.js:17:11 {
  code: 'MODULE_NOT_FOUND',
  requireStack: []
}

[2020-08-14 12:10:48.037] [sharedprocess] [error] vscode-icons-team.vscode-icons 10.2.0 Failed to run post uninstall script: post-uninstall process exited with code 1
[2020-08-14 12:10:48.059] [sharedprocess] [info] Deleted from disk zhuangtongfa.material-theme /home/nate/.vscode-oss/extensions/zhuangtongfa.material-theme-3.8.5
[2020-08-14 12:11:20.181] [sharedprocess] [info] Installing extension: xabikos.javascriptsnippets
[2020-08-14 12:11:20.774] [sharedprocess] [info] Downloaded extension: xabikos.javascriptsnippets /home/nate/.config/Code - OSS/CachedExtensionVSIXs/xabikos.javascriptsnippets-1.8.0
[2020-08-14 12:11:20.800] [sharedprocess] [info] Extracted extension to /home/nate/.vscode-oss/extensions/.xabikos.javascriptsnippets-1.8.0: xabikos.javascriptsnippets
[2020-08-14 12:11:20.800] [sharedprocess] [info] Renamed to /home/nate/.vscode-oss/extensions/xabikos.javascriptsnippets-1.8.0
[2020-08-14 12:11:20.801] [sharedprocess] [info] Installation completed. xabikos.javascriptsnippets
[2020-08-14 12:11:20.804] [sharedprocess] [info] Extensions installed successfully: xabikos.javascriptsnippets
[2020-08-14 12:11:27.879] [sharedprocess] [info] Starting to clean up unused language packs.
[2020-08-14 12:13:33.665] [sharedprocess] [info] Installing extension: esbenp.prettier-vscode
[2020-08-14 12:13:43.687] [sharedprocess] [info] Downloaded extension: esbenp.prettier-vscode /home/nate/.config/Code - OSS/CachedExtensionVSIXs/esbenp.prettier-vscode-5.1.3
[2020-08-14 12:13:43.839] [sharedprocess] [info] Extracted extension to /home/nate/.vscode-oss/extensions/.esbenp.prettier-vscode-5.1.3: esbenp.prettier-vscode
[2020-08-14 12:13:43.839] [sharedprocess] [info] Renamed to /home/nate/.vscode-oss/extensions/esbenp.prettier-vscode-5.1.3
[2020-08-14 12:13:43.840] [sharedprocess] [info] Installation completed. esbenp.prettier-vscode
[2020-08-14 12:13:43.843] [sharedprocess] [info] Extensions installed successfully: esbenp.prettier-vscode
[2020-08-14 12:14:35.127] [sharedprocess] [info] Installing extension: vscode-icons-team.vscode-icons
[2020-08-14 12:14:35.134] [sharedprocess] [info] Downloaded extension: vscode-icons-team.vscode-icons /home/nate/.config/Code - OSS/CachedExtensionVSIXs/vscode-icons-team.vscode-icons-10.2.0
[2020-08-14 12:14:35.840] [sharedprocess] [info] Extracted extension to /home/nate/.vscode-oss/extensions/.vscode-icons-team.vscode-icons-10.2.0: vscode-icons-team.vscode-icons
[2020-08-14 12:14:35.840] [sharedprocess] [info] Renamed to /home/nate/.vscode-oss/extensions/vscode-icons-team.vscode-icons-10.2.0
[2020-08-14 12:14:35.841] [sharedprocess] [info] Installation completed. vscode-icons-team.vscode-icons
[2020-08-14 12:14:35.851] [sharedprocess] [info] Extensions installed successfully: vscode-icons-team.vscode-icons
[2020-08-14 12:14:56.361] [sharedprocess] [info] Uninstalling extension: vscode-icons-team.vscode-icons
[2020-08-14 12:14:56.376] [sharedprocess] [info] Successfully uninstalled extension: vscode-icons-team.vscode-icons
[2020-08-14 12:25:45.649] [sharedprocess] [info] Installing extension: equinusocio.vsc-material-theme
[2020-08-14 12:25:47.691] [sharedprocess] [info] Downloaded extension: equinusocio.vsc-material-theme /home/nate/.config/Code - OSS/CachedExtensionVSIXs/equinusocio.vsc-material-theme-32.8.0
[2020-08-14 12:25:47.762] [sharedprocess] [info] Extracted extension to /home/nate/.vscode-oss/extensions/.equinusocio.vsc-material-theme-32.8.0: equinusocio.vsc-material-theme
[2020-08-14 12:25:47.762] [sharedprocess] [info] Renamed to /home/nate/.vscode-oss/extensions/equinusocio.vsc-material-theme-32.8.0
[2020-08-14 12:25:47.762] [sharedprocess] [info] Installation completed. equinusocio.vsc-material-theme
[2020-08-14 12:25:48.067] [sharedprocess] [info] Installing extension: equinusocio.vsc-material-theme-icons
[2020-08-14 12:25:48.068] [sharedprocess] [info] Installing extension: equinusocio.vsc-community-material-theme
[2020-08-14 12:25:50.609] [sharedprocess] [info] Downloaded extension: equinusocio.vsc-community-material-theme /home/nate/.config/Code - OSS/CachedExtensionVSIXs/equinusocio.vsc-community-material-theme-1.4.2
[2020-08-14 12:25:50.639] [sharedprocess] [info] Extracted extension to /home/nate/.vscode-oss/extensions/.equinusocio.vsc-community-material-theme-1.4.2: equinusocio.vsc-community-material-theme
[2020-08-14 12:25:50.639] [sharedprocess] [info] Renamed to /home/nate/.vscode-oss/extensions/equinusocio.vsc-community-material-theme-1.4.2
[2020-08-14 12:25:50.639] [sharedprocess] [info] Installation completed. equinusocio.vsc-community-material-theme
[2020-08-14 12:25:50.642] [sharedprocess] [info] Extensions installed successfully: equinusocio.vsc-community-material-theme
[2020-08-14 12:25:52.802] [sharedprocess] [info] Downloaded extension: equinusocio.vsc-material-theme-icons /home/nate/.config/Code - OSS/CachedExtensionVSIXs/equinusocio.vsc-material-theme-icons-1.2.0
[2020-08-14 12:25:53.200] [sharedprocess] [info] Extracted extension to /home/nate/.vscode-oss/extensions/.equinusocio.vsc-material-theme-icons-1.2.0: equinusocio.vsc-material-theme-icons
[2020-08-14 12:25:53.201] [sharedprocess] [info] Renamed to /home/nate/.vscode-oss/extensions/equinusocio.vsc-material-theme-icons-1.2.0
[2020-08-14 12:25:53.201] [sharedprocess] [info] Installation completed. equinusocio.vsc-material-theme-icons
[2020-08-14 12:25:53.207] [sharedprocess] [info] Extensions installed successfully: equinusocio.vsc-material-theme-icons
[2020-08-14 12:25:53.207] [sharedprocess] [info] Extensions installed successfully: equinusocio.vsc-material-theme
[2020-08-14 12:26:51.829] [sharedprocess] [info] Uninstalling extension: dracula-theme.theme-dracula
[2020-08-14 12:26:51.839] [sharedprocess] [info] Successfully uninstalled extension: dracula-theme.theme-dracula
[2020-08-14 12:29:18.201] [sharedprocess] [info] Installing extension: coenraads.bracket-pair-colorizer-2
[2020-08-14 12:29:19.989] [sharedprocess] [info] Downloaded extension: coenraads.bracket-pair-colorizer-2 /home/nate/.config/Code - OSS/CachedExtensionVSIXs/coenraads.bracket-pair-colorizer-2-0.2.0
[2020-08-14 12:29:20.058] [sharedprocess] [info] Extracted extension to /home/nate/.vscode-oss/extensions/.coenraads.bracket-pair-colorizer-2-0.2.0: coenraads.bracket-pair-colorizer-2
[2020-08-14 12:29:20.058] [sharedprocess] [info] Renamed to /home/nate/.vscode-oss/extensions/coenraads.bracket-pair-colorizer-2-0.2.0
[2020-08-14 12:29:20.059] [sharedprocess] [info] Installation completed. coenraads.bracket-pair-colorizer-2
[2020-08-14 12:29:20.063] [sharedprocess] [info] Extensions installed successfully: coenraads.bracket-pair-colorizer-2
[2020-08-14 12:30:36.112] [sharedprocess] [info] Installing extension: formulahendry.auto-rename-tag
[2020-08-14 12:30:38.031] [sharedprocess] [info] Downloaded extension: formulahendry.auto-rename-tag /home/nate/.config/Code - OSS/CachedExtensionVSIXs/formulahendry.auto-rename-tag-0.1.4
[2020-08-14 12:30:38.068] [sharedprocess] [info] Extracted extension to /home/nate/.vscode-oss/extensions/.formulahendry.auto-rename-tag-0.1.4: formulahendry.auto-rename-tag
[2020-08-14 12:30:38.068] [sharedprocess] [info] Renamed to /home/nate/.vscode-oss/extensions/formulahendry.auto-rename-tag-0.1.4
[2020-08-14 12:30:38.069] [sharedprocess] [info] Installation completed. formulahendry.auto-rename-tag
[2020-08-14 12:30:38.071] [sharedprocess] [info] Extensions installed successfully: formulahendry.auto-rename-tag
[2020-08-14 12:33:00.935] [sharedprocess] [info] Installing extension: pranaygp.vscode-css-peek
[2020-08-14 12:33:08.873] [sharedprocess] [info] Downloaded extension: pranaygp.vscode-css-peek /home/nate/.config/Code - OSS/CachedExtensionVSIXs/pranaygp.vscode-css-peek-4.0.0
[2020-08-14 12:33:09.086] [sharedprocess] [info] Extracted extension to /home/nate/.vscode-oss/extensions/.pranaygp.vscode-css-peek-4.0.0: pranaygp.vscode-css-peek
[2020-08-14 12:33:09.086] [sharedprocess] [info] Renamed to /home/nate/.vscode-oss/extensions/pranaygp.vscode-css-peek-4.0.0
[2020-08-14 12:33:09.086] [sharedprocess] [info] Installation completed. pranaygp.vscode-css-peek
[2020-08-14 12:33:09.093] [sharedprocess] [info] Extensions installed successfully: pranaygp.vscode-css-peek
[2020-08-14 12:34:55.287] [sharedprocess] [info] Installing extension: ecmel.vscode-html-css
[2020-08-14 12:34:58.511] [sharedprocess] [info] Downloaded extension: ecmel.vscode-html-css /home/nate/.config/Code - OSS/CachedExtensionVSIXs/ecmel.vscode-html-css-0.2.3
[2020-08-14 12:34:58.533] [sharedprocess] [info] Extracted extension to /home/nate/.vscode-oss/extensions/.ecmel.vscode-html-css-0.2.3: ecmel.vscode-html-css
[2020-08-14 12:34:58.533] [sharedprocess] [info] Renamed to /home/nate/.vscode-oss/extensions/ecmel.vscode-html-css-0.2.3
[2020-08-14 12:34:58.533] [sharedprocess] [info] Installation completed. ecmel.vscode-html-css
[2020-08-14 12:34:58.535] [sharedprocess] [info] Extensions installed successfully: ecmel.vscode-html-css
[2020-08-14 12:35:05.906] [sharedprocess] [info] Uninstalling extension: formulahendry.auto-rename-tag
[2020-08-14 12:35:05.916] [sharedprocess] [info] Successfully uninstalled extension: formulahendry.auto-rename-tag
[2020-08-14 12:37:48.631] [sharedprocess] [info] Installing extension: dcasella.i3
[2020-08-14 12:37:49.648] [sharedprocess] [info] Downloaded extension: dcasella.i3 /home/nate/.config/Code - OSS/CachedExtensionVSIXs/dcasella.i3-0.0.1
[2020-08-14 12:37:49.664] [sharedprocess] [info] Extracted extension to /home/nate/.vscode-oss/extensions/.dcasella.i3-0.0.1: dcasella.i3
[2020-08-14 12:37:49.664] [sharedprocess] [info] Renamed to /home/nate/.vscode-oss/extensions/dcasella.i3-0.0.1
[2020-08-14 12:37:49.664] [sharedprocess] [info] Installation completed. dcasella.i3
[2020-08-14 12:37:49.667] [sharedprocess] [info] Extensions installed successfully: dcasella.i3
[2020-08-14 15:13:04.580] [sharedprocess] [info] Installing extension: formulahendry.code-runner
[2020-08-14 15:13:05.815] [sharedprocess] [info] Downloaded extension: formulahendry.code-runner /home/nate/.config/Code - OSS/CachedExtensionVSIXs/formulahendry.code-runner-0.11.0
[2020-08-14 15:13:05.926] [sharedprocess] [info] Extracted extension to /home/nate/.vscode-oss/extensions/.formulahendry.code-runner-0.11.0: formulahendry.code-runner
[2020-08-14 15:13:05.926] [sharedprocess] [info] Renamed to /home/nate/.vscode-oss/extensions/formulahendry.code-runner-0.11.0
[2020-08-14 15:13:05.927] [sharedprocess] [info] Installation completed. formulahendry.code-runner
[2020-08-14 15:13:05.931] [sharedprocess] [info] Extensions installed successfully: formulahendry.code-runner
[2020-08-14 15:14:57.694] [sharedprocess] [info] Uninstalling extension: formulahendry.code-runner
[2020-08-14 15:14:57.705] [sharedprocess] [info] Successfully uninstalled extension: formulahendry.code-runner
[2020-08-14 15:17:06.305] [sharedprocess] [info] Installing extension: ms-vscode-remote.remote-ssh
[2020-08-14 15:17:07.928] [sharedprocess] [info] Downloaded extension: ms-vscode-remote.remote-ssh /home/nate/.config/Code - OSS/CachedExtensionVSIXs/ms-vscode-remote.remote-ssh-0.51.0
[2020-08-14 15:17:08.015] [sharedprocess] [info] Extracted extension to /home/nate/.vscode-oss/extensions/.ms-vscode-remote.remote-ssh-0.51.0: ms-vscode-remote.remote-ssh
[2020-08-14 15:17:08.015] [sharedprocess] [info] Renamed to /home/nate/.vscode-oss/extensions/ms-vscode-remote.remote-ssh-0.51.0
[2020-08-14 15:17:08.016] [sharedprocess] [info] Installation completed. ms-vscode-remote.remote-ssh
[2020-08-14 15:17:08.265] [sharedprocess] [info] Installing extension: ms-vscode-remote.remote-ssh-edit
[2020-08-14 15:17:08.558] [sharedprocess] [info] Downloaded extension: ms-vscode-remote.remote-ssh-edit /home/nate/.config/Code - OSS/CachedExtensionVSIXs/ms-vscode-remote.remote-ssh-edit-0.51.0
[2020-08-14 15:17:08.569] [sharedprocess] [info] Extracted extension to /home/nate/.vscode-oss/extensions/.ms-vscode-remote.remote-ssh-edit-0.51.0: ms-vscode-remote.remote-ssh-edit
[2020-08-14 15:17:08.569] [sharedprocess] [info] Renamed to /home/nate/.vscode-oss/extensions/ms-vscode-remote.remote-ssh-edit-0.51.0
[2020-08-14 15:17:08.570] [sharedprocess] [info] Installation completed. ms-vscode-remote.remote-ssh-edit
[2020-08-14 15:17:08.572] [sharedprocess] [info] Extensions installed successfully: ms-vscode-remote.remote-ssh-edit
[2020-08-14 15:17:08.573] [sharedprocess] [info] Extensions installed successfully: ms-vscode-remote.remote-ssh
[2020-08-14 15:17:36.473] [sharedprocess] [info] Uninstalling extension: ms-vscode-remote.remote-ssh-edit
[2020-08-14 15:17:36.483] [sharedprocess] [info] Successfully uninstalled extension: ms-vscode-remote.remote-ssh-edit
[2020-08-14 15:17:48.620] [sharedprocess] [info] Installing extension: ms-vscode-remote.remote-ssh-edit
[2020-08-14 15:17:48.628] [sharedprocess] [info] Downloaded extension: ms-vscode-remote.remote-ssh-edit /home/nate/.config/Code - OSS/CachedExtensionVSIXs/ms-vscode-remote.remote-ssh-edit-0.51.0
[2020-08-14 15:17:48.634] [sharedprocess] [info] Removed the extension from uninstalled list: ms-vscode-remote.remote-ssh-edit
[2020-08-14 15:17:48.645] [sharedprocess] [info] Extensions installed successfully: ms-vscode-remote.remote-ssh-edit
