[2020-08-14 11:57:20.254] [sharedprocess] [info] main {"machineId":"ef6eaabb028b46b12b77f25dd02de8836fa915fac6b516dc434b8377d54b05dc","windowId":2}
[2020-08-14 11:58:00.262] [sharedprocess] [info] Starting to clean up unused language packs.
[2020-08-14 11:59:55.300] [sharedprocess] [info] Installing extension: ritwickdey.liveserver
[2020-08-14 12:00:03.823] [sharedprocess] [info] Downloaded extension: ritwickdey.liveserver /home/nate/.config/Code - OSS/CachedExtensionVSIXs/ritwickdey.liveserver-5.6.1
[2020-08-14 12:00:05.001] [sharedprocess] [info] Extracted extension to /home/nate/.vscode-oss/extensions/.ritwickdey.liveserver-5.6.1: ritwickdey.liveserver
[2020-08-14 12:00:05.001] [sharedprocess] [info] Renamed to /home/nate/.vscode-oss/extensions/ritwickdey.liveserver-5.6.1
[2020-08-14 12:00:05.002] [sharedprocess] [info] Installation completed. ritwickdey.liveserver
[2020-08-14 12:00:05.018] [sharedprocess] [info] Extensions installed successfully: ritwickdey.liveserver
[2020-08-14 12:01:23.649] [sharedprocess] [info] Installing extension: vscode-icons-team.vscode-icons
[2020-08-14 12:01:27.610] [sharedprocess] [info] Downloaded extension: vscode-icons-team.vscode-icons /home/nate/.config/Code - OSS/CachedExtensionVSIXs/vscode-icons-team.vscode-icons-10.2.0
[2020-08-14 12:01:28.082] [sharedprocess] [info] Extracted extension to /home/nate/.vscode-oss/extensions/.vscode-icons-team.vscode-icons-10.2.0: vscode-icons-team.vscode-icons
[2020-08-14 12:01:28.082] [sharedprocess] [info] Renamed to /home/nate/.vscode-oss/extensions/vscode-icons-team.vscode-icons-10.2.0
[2020-08-14 12:01:28.083] [sharedprocess] [info] Installation completed. vscode-icons-team.vscode-icons
[2020-08-14 12:01:28.089] [sharedprocess] [info] Extensions installed successfully: vscode-icons-team.vscode-icons
[2020-08-14 12:02:22.886] [sharedprocess] [info] Uninstalling extension: vscode-icons-team.vscode-icons
[2020-08-14 12:02:22.893] [sharedprocess] [info] Successfully uninstalled extension: vscode-icons-team.vscode-icons
[2020-08-14 12:02:24.699] [sharedprocess] [info] Installing extension: pkief.material-icon-theme
[2020-08-14 12:02:26.196] [sharedprocess] [info] Downloaded extension: pkief.material-icon-theme /home/nate/.config/Code - OSS/CachedExtensionVSIXs/pkief.material-icon-theme-4.2.0
[2020-08-14 12:02:26.451] [sharedprocess] [info] Extracted extension to /home/nate/.vscode-oss/extensions/.pkief.material-icon-theme-4.2.0: pkief.material-icon-theme
[2020-08-14 12:02:26.451] [sharedprocess] [info] Renamed to /home/nate/.vscode-oss/extensions/pkief.material-icon-theme-4.2.0
[2020-08-14 12:02:26.451] [sharedprocess] [info] Installation completed. pkief.material-icon-theme
[2020-08-14 12:02:26.454] [sharedprocess] [info] Extensions installed successfully: pkief.material-icon-theme
[2020-08-14 12:03:32.981] [sharedprocess] [info] Installing extension: zhuangtongfa.material-theme
[2020-08-14 12:03:33.806] [sharedprocess] [info] Downloaded extension: zhuangtongfa.material-theme /home/nate/.config/Code - OSS/CachedExtensionVSIXs/zhuangtongfa.material-theme-3.8.5
[2020-08-14 12:03:33.909] [sharedprocess] [info] Extracted extension to /home/nate/.vscode-oss/extensions/.zhuangtongfa.material-theme-3.8.5: zhuangtongfa.material-theme
[2020-08-14 12:03:33.909] [sharedprocess] [info] Renamed to /home/nate/.vscode-oss/extensions/zhuangtongfa.material-theme-3.8.5
[2020-08-14 12:03:33.910] [sharedprocess] [info] Installation completed. zhuangtongfa.material-theme
[2020-08-14 12:03:33.914] [sharedprocess] [info] Extensions installed successfully: zhuangtongfa.material-theme
[2020-08-14 12:04:15.650] [sharedprocess] [info] Installing extension: dracula-theme.theme-dracula
[2020-08-14 12:04:17.508] [sharedprocess] [info] Downloaded extension: dracula-theme.theme-dracula /home/nate/.config/Code - OSS/CachedExtensionVSIXs/dracula-theme.theme-dracula-2.22.1
[2020-08-14 12:04:17.525] [sharedprocess] [info] Extracted extension to /home/nate/.vscode-oss/extensions/.dracula-theme.theme-dracula-2.22.1: dracula-theme.theme-dracula
[2020-08-14 12:04:17.525] [sharedprocess] [info] Renamed to /home/nate/.vscode-oss/extensions/dracula-theme.theme-dracula-2.22.1
[2020-08-14 12:04:17.525] [sharedprocess] [info] Installation completed. dracula-theme.theme-dracula
[2020-08-14 12:04:17.528] [sharedprocess] [info] Extensions installed successfully: dracula-theme.theme-dracula
[2020-08-14 12:04:49.630] [sharedprocess] [info] Installing extension: jprestidge.theme-material-theme
[2020-08-14 12:04:50.300] [sharedprocess] [info] Downloaded extension: jprestidge.theme-material-theme /home/nate/.config/Code - OSS/CachedExtensionVSIXs/jprestidge.theme-material-theme-1.0.1
[2020-08-14 12:04:50.316] [sharedprocess] [info] Extracted extension to /home/nate/.vscode-oss/extensions/.jprestidge.theme-material-theme-1.0.1: jprestidge.theme-material-theme
[2020-08-14 12:04:50.316] [sharedprocess] [info] Renamed to /home/nate/.vscode-oss/extensions/jprestidge.theme-material-theme-1.0.1
[2020-08-14 12:04:50.317] [sharedprocess] [info] Installation completed. jprestidge.theme-material-theme
[2020-08-14 12:04:50.320] [sharedprocess] [info] Extensions installed successfully: jprestidge.theme-material-theme
[2020-08-14 12:05:44.724] [sharedprocess] [info] Installing extension: robbowen.synthwave-vscode
[2020-08-14 12:05:47.286] [sharedprocess] [info] Downloaded extension: robbowen.synthwave-vscode /home/nate/.config/Code - OSS/CachedExtensionVSIXs/robbowen.synthwave-vscode-0.1.6
[2020-08-14 12:05:47.325] [sharedprocess] [info] Extracted extension to /home/nate/.vscode-oss/extensions/.robbowen.synthwave-vscode-0.1.6: robbowen.synthwave-vscode
[2020-08-14 12:05:47.325] [sharedprocess] [info] Renamed to /home/nate/.vscode-oss/extensions/robbowen.synthwave-vscode-0.1.6
[2020-08-14 12:05:47.326] [sharedprocess] [info] Installation completed. robbowen.synthwave-vscode
[2020-08-14 12:05:47.329] [sharedprocess] [info] Extensions installed successfully: robbowen.synthwave-vscode
[2020-08-14 12:06:32.483] [sharedprocess] [info] Installing extension: ms-vscode.theme-markdownkit
[2020-08-14 12:06:33.925] [sharedprocess] [info] Downloaded extension: ms-vscode.theme-markdownkit /home/nate/.config/Code - OSS/CachedExtensionVSIXs/ms-vscode.theme-markdownkit-0.1.4
[2020-08-14 12:06:33.940] [sharedprocess] [info] Extracted extension to /home/nate/.vscode-oss/extensions/.ms-vscode.theme-markdownkit-0.1.4: ms-vscode.theme-markdownkit
[2020-08-14 12:06:33.940] [sharedprocess] [info] Renamed to /home/nate/.vscode-oss/extensions/ms-vscode.theme-markdownkit-0.1.4
[2020-08-14 12:06:33.940] [sharedprocess] [info] Installation completed. ms-vscode.theme-markdownkit
[2020-08-14 12:06:33.943] [sharedprocess] [info] Extensions installed successfully: ms-vscode.theme-markdownkit
[2020-08-14 12:08:48.910] [sharedprocess] [info] Uninstalling extension: ms-vscode.theme-markdownkit
[2020-08-14 12:08:48.919] [sharedprocess] [info] Successfully uninstalled extension: ms-vscode.theme-markdownkit
[2020-08-14 12:09:12.914] [sharedprocess] [info] Uninstalling extension: zhuangtongfa.material-theme
[2020-08-14 12:09:12.922] [sharedprocess] [info] Successfully uninstalled extension: zhuangtongfa.material-theme
