[INFO]    Created output channel for vscode-sshfs
[INFO]    Loading configurations...
[DEBUG]   	Added configuration vultr-web from 1
[DEBUG]   	Added configuration vultr-configs from 1
[DEBUG]   	Added configuration vultr-scripts from 1
[INFO]    Found 3 configurations
[INFO]    Extension activated, version 1.18.3
[DEBUG]   Reading ssh://vultr-web/.vscode/settings.json
[DEBUG]   Reading ssh://vultr-web/.vscode/tasks.json
[DEBUG]   Reading ssh://vultr-web/.vscode/launch.json
[DEBUG]   Reading ssh://vultr-web/.vscode/settings.json
[DEBUG]   Reading ssh://vultr-web/.vscode/tasks.json
[DEBUG]   Reading ssh://vultr-web/.vscode/launch.json
[DEBUG]   Reading ssh://vultr-web/.vscode/extensions.json
[INFO]    [createConnection(vultr-web,config)] Creating a new connection for 'vultr-web'
[INFO]    Calculating actual config
[DEBUG]   	Read private key from /home/nate/.ssh/id_rsa
[DEBUG]   	Final configuration:
{
    "host": "houlamy.com",
    "label": "Vultr Websites",
    "name": "vultr-web",
    "port": 22,
    "privateKeyPath": "/home/nate/.ssh/id_rsa",
    "root": "/var/www",
    "username": "root",
    "_location": 1,
    "_locations": [
        1
    ],
    "_calculated": {
        "host": "houlamy.com",
        "label": "Vultr Websites",
        "name": "vultr-web",
        "port": 22,
        "privateKeyPath": "/home/nate/.ssh/id_rsa",
        "root": "/var/www",
        "username": "root",
        "_location": 1,
        "_locations": [
            1
        ]
    },
    "privateKey": "Buffer(2602)"
}
[INFO]    [createSocket(vultr-web)] Creating socket
[DEBUG]   [createSocket(vultr-web)] Connecting to houlamy.com:22
[INFO]    [createSSH(vultr-web)] Creating SSH session over the opened socket
[INFO]    [getSFTP(vultr-web)] Creating SFTP session using standard sftp subsystem
[INFO]    [SSHFileSystem(/var/www)] SSHFileSystem created
[INFO]    Created SSHFileSystem for vultr-web, reading root directory...
[DEBUG]   [SSHFileSystem(/var/www)] Ignored FileNotFound error for: ssh://vultr-web/.vscode/settings.json
[DEBUG]   [SSHFileSystem(/var/www)] Ignored FileNotFound error for: ssh://vultr-web/.vscode/tasks.json
[DEBUG]   [SSHFileSystem(/var/www)] Ignored FileNotFound error for: ssh://vultr-web/.vscode/launch.json
[DEBUG]   [SSHFileSystem(/var/www)] Ignored FileNotFound error for: ssh://vultr-web/.vscode/settings.json
[DEBUG]   [SSHFileSystem(/var/www)] Ignored FileNotFound error for: ssh://vultr-web/.vscode/tasks.json
[DEBUG]   [SSHFileSystem(/var/www)] Ignored FileNotFound error for: ssh://vultr-web/.vscode/launch.json
[DEBUG]   [SSHFileSystem(/var/www)] Ignored FileNotFound error for: ssh://vultr-web/.vscode/settings.json
[DEBUG]   [SSHFileSystem(/var/www)] Ignored FileNotFound error for: ssh://vultr-web/.vscode/tasks.json
[DEBUG]   [SSHFileSystem(/var/www)] Ignored FileNotFound error for: ssh://vultr-web/.vscode/launch.json
[DEBUG]   [SSHFileSystem(/var/www)] Ignored FileNotFound error for: ssh://vultr-web/.vscode/settings.json
[DEBUG]   [SSHFileSystem(/var/www)] Ignored FileNotFound error for: ssh://vultr-web/.vscode/tasks.json
[DEBUG]   [SSHFileSystem(/var/www)] Ignored FileNotFound error for: ssh://vultr-web/.vscode/extensions.json
[DEBUG]   [SSHFileSystem(/var/www)] Ignored FileNotFound error for: ssh://vultr-web/.vscode/launch.json
[DEBUG]   [SSHFileSystem(/var/www)] Ignored FileNotFound error for: ssh://vultr-web/.vscode
[DEBUG]   [SSHFileSystem(/var/www)] Ignored FileNotFound error for: ssh://vultr-web/.vscode/extensions.json
[DEBUG]   [SSHFileSystem(/var/www)] Ignored FileNotFound error for: ssh://vultr-web/.git/config
[DEBUG]   [SSHFileSystem(/var/www)] Ignored FileNotFound error for: ssh://vultr-web/.git/config
[DEBUG]   [SSHFileSystem(/var/www)] Ignored FileNotFound error for: ssh://vultr-web/node_modules
[DEBUG]   [SSHFileSystem(/var/www)] Ignored FileNotFound error for: ssh://vultr-web/pom.xml
