[2020-08-14 15:20:51.135] [exthost] [info] extension host started
[2020-08-14 15:20:51.199] [exthost] [info] ExtensionService#_doActivateExtension vscode.debug-auto-launch {"startup":true,"extensionId":{"value":"vscode.debug-auto-launch","_lower":"vscode.debug-auto-launch"},"activationEvent":"*"}
[2020-08-14 15:20:51.199] [exthost] [info] ExtensionService#loadCommonJSModule file:///usr/lib/code/extensions/debug-auto-launch/dist/extension
[2020-08-14 15:20:51.204] [exthost] [info] ExtensionService#_doActivateExtension vscode.emmet {"startup":true,"extensionId":{"value":"vscode.emmet","_lower":"vscode.emmet"},"activationEvent":"*"}
[2020-08-14 15:20:51.204] [exthost] [info] ExtensionService#loadCommonJSModule file:///usr/lib/code/extensions/emmet/dist/extension
[2020-08-14 15:20:51.216] [exthost] [info] ExtensionService#_doActivateExtension vscode.git {"startup":true,"extensionId":{"value":"vscode.github","_lower":"vscode.github"},"activationEvent":"*"}
[2020-08-14 15:20:51.216] [exthost] [info] ExtensionService#loadCommonJSModule file:///usr/lib/code/extensions/git/dist/main
[2020-08-14 15:20:51.231] [exthost] [info] ExtensionService#_doActivateExtension vscode.github-authentication {"startup":true,"extensionId":{"value":"vscode.github-authentication","_lower":"vscode.github-authentication"},"activationEvent":"*"}
[2020-08-14 15:20:51.231] [exthost] [info] ExtensionService#loadCommonJSModule file:///usr/lib/code/extensions/github-authentication/dist/extension.js
[2020-08-14 15:20:51.234] [exthost] [info] ExtensionService#_doActivateExtension vscode.merge-conflict {"startup":true,"extensionId":{"value":"vscode.merge-conflict","_lower":"vscode.merge-conflict"},"activationEvent":"*"}
[2020-08-14 15:20:51.235] [exthost] [info] ExtensionService#loadCommonJSModule file:///usr/lib/code/extensions/merge-conflict/dist/mergeConflictMain
[2020-08-14 15:20:51.236] [exthost] [info] ExtensionService#_doActivateExtension vscode.microsoft-authentication {"startup":true,"extensionId":{"value":"vscode.microsoft-authentication","_lower":"vscode.microsoft-authentication"},"activationEvent":"*"}
[2020-08-14 15:20:51.236] [exthost] [info] ExtensionService#loadCommonJSModule file:///usr/lib/code/extensions/microsoft-authentication/dist/extension.js
[2020-08-14 15:20:51.239] [exthost] [info] ExtensionService#_doActivateExtension vscode.search-result {"startup":true,"extensionId":{"value":"vscode.search-result","_lower":"vscode.search-result"},"activationEvent":"*"}
[2020-08-14 15:20:51.239] [exthost] [info] ExtensionService#loadCommonJSModule file:///usr/lib/code/extensions/search-result/dist/extension.js
[2020-08-14 15:20:51.240] [exthost] [info] ExtensionService#_doActivateExtension CoenraadS.bracket-pair-colorizer-2 {"startup":true,"extensionId":{"value":"CoenraadS.bracket-pair-colorizer-2","_lower":"coenraads.bracket-pair-colorizer-2"},"activationEvent":"*"}
[2020-08-14 15:20:51.240] [exthost] [info] ExtensionService#loadCommonJSModule file:///home/nate/.vscode-oss/extensions/coenraads.bracket-pair-colorizer-2-0.2.0/out/src/extension
[2020-08-14 15:20:51.252] [exthost] [info] ExtensionService#_doActivateExtension Equinusocio.vsc-material-theme {"startup":true,"extensionId":{"value":"Equinusocio.vsc-material-theme","_lower":"equinusocio.vsc-material-theme"},"activationEvent":"*"}
[2020-08-14 15:20:51.252] [exthost] [info] ExtensionService#loadCommonJSModule file:///home/nate/.vscode-oss/extensions/equinusocio.vsc-material-theme-32.8.0/build/material.theme.config
[2020-08-14 15:20:51.257] [exthost] [info] ExtensionService#_doActivateExtension equinusocio.vsc-material-theme-icons {"startup":true,"extensionId":{"value":"equinusocio.vsc-material-theme-icons","_lower":"equinusocio.vsc-material-theme-icons"},"activationEvent":"*"}
[2020-08-14 15:20:51.257] [exthost] [info] ExtensionService#loadCommonJSModule file:///home/nate/.vscode-oss/extensions/equinusocio.vsc-material-theme-icons-1.2.0/out/src/extension
[2020-08-14 15:20:51.266] [exthost] [info] ExtensionService#_doActivateExtension esbenp.prettier-vscode {"startup":true,"extensionId":{"value":"esbenp.prettier-vscode","_lower":"esbenp.prettier-vscode"},"activationEvent":"*"}
[2020-08-14 15:20:51.266] [exthost] [info] ExtensionService#loadCommonJSModule file:///home/nate/.vscode-oss/extensions/esbenp.prettier-vscode-5.1.3/dist/extension
[2020-08-14 15:20:51.322] [exthost] [info] ExtensionService#_doActivateExtension PKief.material-icon-theme {"startup":true,"extensionId":{"value":"PKief.material-icon-theme","_lower":"pkief.material-icon-theme"},"activationEvent":"*"}
[2020-08-14 15:20:51.322] [exthost] [info] ExtensionService#loadCommonJSModule file:///home/nate/.vscode-oss/extensions/pkief.material-icon-theme-4.2.0/dist/extension
[2020-08-14 15:20:51.328] [exthost] [info] ExtensionService#_doActivateExtension pranaygp.vscode-css-peek {"startup":true,"extensionId":{"value":"pranaygp.vscode-css-peek","_lower":"pranaygp.vscode-css-peek"},"activationEvent":"*"}
[2020-08-14 15:20:51.328] [exthost] [info] ExtensionService#loadCommonJSModule file:///home/nate/.vscode-oss/extensions/pranaygp.vscode-css-peek-4.0.0/client/out/extension
[2020-08-14 15:20:51.357] [exthost] [info] ExtensionService#_doActivateExtension ritwickdey.LiveServer {"startup":true,"extensionId":{"value":"ritwickdey.LiveServer","_lower":"ritwickdey.liveserver"},"activationEvent":"*"}
[2020-08-14 15:20:51.357] [exthost] [info] ExtensionService#loadCommonJSModule file:///home/nate/.vscode-oss/extensions/ritwickdey.liveserver-5.6.1/out/src/extension
[2020-08-14 15:20:51.557] [exthost] [info] ExtensionService#_doActivateExtension RobbOwen.synthwave-vscode {"startup":true,"extensionId":{"value":"RobbOwen.synthwave-vscode","_lower":"robbowen.synthwave-vscode"},"activationEvent":"*"}
[2020-08-14 15:20:51.557] [exthost] [info] ExtensionService#loadCommonJSModule file:///home/nate/.vscode-oss/extensions/robbowen.synthwave-vscode-0.1.6/src/extension.js
[2020-08-14 15:20:51.815] [exthost] [info] ExtensionService#_doActivateExtension vscode.github {"startup":true,"extensionId":{"value":"vscode.github","_lower":"vscode.github"},"activationEvent":"*"}
[2020-08-14 15:20:51.815] [exthost] [info] ExtensionService#loadCommonJSModule file:///usr/lib/code/extensions/github/dist/extension.js
[2020-08-14 15:20:51.841] [exthost] [info] ExtensionService#_doActivateExtension ms-vscode-remote.remote-containers {"startup":false,"extensionId":{"value":"ms-vscode-remote.remote-containers","_lower":"ms-vscode-remote.remote-containers"},"activationEvent":"onStartupFinished"}
[2020-08-14 15:20:51.841] [exthost] [info] ExtensionService#loadCommonJSModule file:///home/nate/.vscode-oss/extensions/ms-vscode-remote.remote-containers-0.128.0/dist/extension
[2020-08-14 15:20:51.855] [exthost] [info] eager extensions activated
[2020-08-14 15:20:51.900] [exthost] [error] Activating extension ms-vscode-remote.remote-containers failed due to an error:
[2020-08-14 15:20:51.901] [exthost] [error] Error: [ms-vscode-remote.remote-containers]: Proposed API is only available when running out of dev or with the following command line switch: --enable-proposed-api ms-vscode-remote.remote-containers
	at a (/usr/lib/code/out/vs/workbench/services/extensions/node/extensionHostProcess.js:594:75)
	at Object.t.checkProposedApiEnabled (/usr/lib/code/out/vs/workbench/services/extensions/node/extensionHostProcess.js:594:437)
	at Object.registerRemoteAuthorityResolver (/usr/lib/code/out/vs/workbench/services/extensions/node/extensionHostProcess.js:922:143)
	at t.activate (/home/nate/.vscode-oss/extensions/ms-vscode-remote.remote-containers-0.128.0/dist/extension.js:1:262176)
	at Function._callActivateOptional (/usr/lib/code/out/vs/workbench/services/extensions/node/extensionHostProcess.js:837:509)
	at Function._callActivate (/usr/lib/code/out/vs/workbench/services/extensions/node/extensionHostProcess.js:837:160)
	at /usr/lib/code/out/vs/workbench/services/extensions/node/extensionHostProcess.js:835:703
	at async Promise.all (index 0)
[2020-08-14 15:20:51.968] [exthost] [info] ExtensionService#_doActivateExtension ms-vscode-remote.remote-ssh {"startup":false,"extensionId":{"value":"ms-vscode-remote.remote-ssh","_lower":"ms-vscode-remote.remote-ssh"},"activationEvent":"onCommand:opensshremotes.openEmptyWindow"}
[2020-08-14 15:20:51.969] [exthost] [info] ExtensionService#loadCommonJSModule file:///home/nate/.vscode-oss/extensions/ms-vscode-remote.remote-ssh-0.51.0/out/extension
[2020-08-14 15:20:52.194] [exthost] [error] Activating extension ms-vscode-remote.remote-ssh failed due to an error:
[2020-08-14 15:20:52.198] [exthost] [error] Error: [ms-vscode-remote.remote-ssh]: Proposed API is only available when running out of dev or with the following command line switch: --enable-proposed-api ms-vscode-remote.remote-ssh
	at a (/usr/lib/code/out/vs/workbench/services/extensions/node/extensionHostProcess.js:594:75)
	at Object.t.checkProposedApiEnabled (/usr/lib/code/out/vs/workbench/services/extensions/node/extensionHostProcess.js:594:437)
	at Object.registerRemoteAuthorityResolver (/usr/lib/code/out/vs/workbench/services/extensions/node/extensionHostProcess.js:922:143)
	at t.activate (/home/nate/.vscode-oss/extensions/ms-vscode-remote.remote-ssh-0.51.0/out/extension.js:127:146365)
	at Function._callActivateOptional (/usr/lib/code/out/vs/workbench/services/extensions/node/extensionHostProcess.js:837:509)
	at Function._callActivate (/usr/lib/code/out/vs/workbench/services/extensions/node/extensionHostProcess.js:837:160)
	at /usr/lib/code/out/vs/workbench/services/extensions/node/extensionHostProcess.js:835:703
	at async Promise.all (index 0)
[2020-08-14 15:32:18.207] [exthost] [info] ExtensionService#_doActivateExtension vscode.configuration-editing {"startup":false,"extensionId":{"value":"vscode.configuration-editing","_lower":"vscode.configuration-editing"},"activationEvent":"onLanguage:jsonc"}
[2020-08-14 15:32:18.207] [exthost] [info] ExtensionService#loadCommonJSModule file:///usr/lib/code/extensions/configuration-editing/dist/configurationEditingMain
[2020-08-14 15:32:18.210] [exthost] [info] ExtensionService#_doActivateExtension vscode.json-language-features {"startup":false,"extensionId":{"value":"vscode.json-language-features","_lower":"vscode.json-language-features"},"activationEvent":"onLanguage:jsonc"}
[2020-08-14 15:32:18.210] [exthost] [info] ExtensionService#loadCommonJSModule file:///usr/lib/code/extensions/json-language-features/client/dist/node/jsonClientMain
[2020-08-14 15:32:18.221] [exthost] [info] ExtensionService#_doActivateExtension vscode.typescript-language-features {"startup":false,"extensionId":{"value":"vscode.typescript-language-features","_lower":"vscode.typescript-language-features"},"activationEvent":"onLanguage:jsonc"}
[2020-08-14 15:32:18.221] [exthost] [info] ExtensionService#loadCommonJSModule file:///usr/lib/code/extensions/typescript-language-features/dist/extension
[2020-08-14 15:33:44.812] [exthost] [info] extension host started
[2020-08-14 15:33:44.826] [exthost] [info] ExtensionService#_doActivateExtension vscode.debug-auto-launch {"startup":true,"extensionId":{"value":"vscode.debug-auto-launch","_lower":"vscode.debug-auto-launch"},"activationEvent":"*"}
[2020-08-14 15:33:44.826] [exthost] [info] ExtensionService#loadCommonJSModule file:///usr/lib/code/extensions/debug-auto-launch/dist/extension
[2020-08-14 15:33:44.828] [exthost] [info] ExtensionService#_doActivateExtension vscode.emmet {"startup":true,"extensionId":{"value":"vscode.emmet","_lower":"vscode.emmet"},"activationEvent":"*"}
[2020-08-14 15:33:44.828] [exthost] [info] ExtensionService#loadCommonJSModule file:///usr/lib/code/extensions/emmet/dist/extension
[2020-08-14 15:33:44.836] [exthost] [info] ExtensionService#_doActivateExtension vscode.git {"startup":true,"extensionId":{"value":"vscode.github","_lower":"vscode.github"},"activationEvent":"*"}
[2020-08-14 15:33:44.836] [exthost] [info] ExtensionService#loadCommonJSModule file:///usr/lib/code/extensions/git/dist/main
[2020-08-14 15:33:44.847] [exthost] [info] ExtensionService#_doActivateExtension vscode.github-authentication {"startup":true,"extensionId":{"value":"vscode.github-authentication","_lower":"vscode.github-authentication"},"activationEvent":"*"}
[2020-08-14 15:33:44.847] [exthost] [info] ExtensionService#loadCommonJSModule file:///usr/lib/code/extensions/github-authentication/dist/extension.js
[2020-08-14 15:33:44.850] [exthost] [info] ExtensionService#_doActivateExtension vscode.merge-conflict {"startup":true,"extensionId":{"value":"vscode.merge-conflict","_lower":"vscode.merge-conflict"},"activationEvent":"*"}
[2020-08-14 15:33:44.851] [exthost] [info] ExtensionService#loadCommonJSModule file:///usr/lib/code/extensions/merge-conflict/dist/mergeConflictMain
[2020-08-14 15:33:44.852] [exthost] [info] ExtensionService#_doActivateExtension vscode.microsoft-authentication {"startup":true,"extensionId":{"value":"vscode.microsoft-authentication","_lower":"vscode.microsoft-authentication"},"activationEvent":"*"}
[2020-08-14 15:33:44.852] [exthost] [info] ExtensionService#loadCommonJSModule file:///usr/lib/code/extensions/microsoft-authentication/dist/extension.js
[2020-08-14 15:33:44.855] [exthost] [info] ExtensionService#_doActivateExtension vscode.search-result {"startup":true,"extensionId":{"value":"vscode.search-result","_lower":"vscode.search-result"},"activationEvent":"*"}
[2020-08-14 15:33:44.855] [exthost] [info] ExtensionService#loadCommonJSModule file:///usr/lib/code/extensions/search-result/dist/extension.js
[2020-08-14 15:33:44.855] [exthost] [info] ExtensionService#_doActivateExtension CoenraadS.bracket-pair-colorizer-2 {"startup":true,"extensionId":{"value":"CoenraadS.bracket-pair-colorizer-2","_lower":"coenraads.bracket-pair-colorizer-2"},"activationEvent":"*"}
[2020-08-14 15:33:44.855] [exthost] [info] ExtensionService#loadCommonJSModule file:///home/nate/.vscode-oss/extensions/coenraads.bracket-pair-colorizer-2-0.2.0/out/src/extension
[2020-08-14 15:33:44.866] [exthost] [info] ExtensionService#_doActivateExtension Equinusocio.vsc-material-theme {"startup":true,"extensionId":{"value":"Equinusocio.vsc-material-theme","_lower":"equinusocio.vsc-material-theme"},"activationEvent":"*"}
[2020-08-14 15:33:44.866] [exthost] [info] ExtensionService#loadCommonJSModule file:///home/nate/.vscode-oss/extensions/equinusocio.vsc-material-theme-32.8.0/build/material.theme.config
[2020-08-14 15:33:44.871] [exthost] [info] ExtensionService#_doActivateExtension equinusocio.vsc-material-theme-icons {"startup":true,"extensionId":{"value":"equinusocio.vsc-material-theme-icons","_lower":"equinusocio.vsc-material-theme-icons"},"activationEvent":"*"}
[2020-08-14 15:33:44.871] [exthost] [info] ExtensionService#loadCommonJSModule file:///home/nate/.vscode-oss/extensions/equinusocio.vsc-material-theme-icons-1.2.0/out/src/extension
[2020-08-14 15:33:44.875] [exthost] [info] ExtensionService#_doActivateExtension esbenp.prettier-vscode {"startup":true,"extensionId":{"value":"esbenp.prettier-vscode","_lower":"esbenp.prettier-vscode"},"activationEvent":"*"}
[2020-08-14 15:33:44.875] [exthost] [info] ExtensionService#loadCommonJSModule file:///home/nate/.vscode-oss/extensions/esbenp.prettier-vscode-5.1.3/dist/extension
[2020-08-14 15:33:44.924] [exthost] [info] ExtensionService#_doActivateExtension PKief.material-icon-theme {"startup":true,"extensionId":{"value":"PKief.material-icon-theme","_lower":"pkief.material-icon-theme"},"activationEvent":"*"}
[2020-08-14 15:33:44.924] [exthost] [info] ExtensionService#loadCommonJSModule file:///home/nate/.vscode-oss/extensions/pkief.material-icon-theme-4.2.0/dist/extension
[2020-08-14 15:33:44.931] [exthost] [info] ExtensionService#_doActivateExtension pranaygp.vscode-css-peek {"startup":true,"extensionId":{"value":"pranaygp.vscode-css-peek","_lower":"pranaygp.vscode-css-peek"},"activationEvent":"*"}
[2020-08-14 15:33:44.931] [exthost] [info] ExtensionService#loadCommonJSModule file:///home/nate/.vscode-oss/extensions/pranaygp.vscode-css-peek-4.0.0/client/out/extension
[2020-08-14 15:33:44.957] [exthost] [info] ExtensionService#_doActivateExtension ritwickdey.LiveServer {"startup":true,"extensionId":{"value":"ritwickdey.LiveServer","_lower":"ritwickdey.liveserver"},"activationEvent":"*"}
[2020-08-14 15:33:44.957] [exthost] [info] ExtensionService#loadCommonJSModule file:///home/nate/.vscode-oss/extensions/ritwickdey.liveserver-5.6.1/out/src/extension
[2020-08-14 15:33:45.151] [exthost] [info] ExtensionService#_doActivateExtension RobbOwen.synthwave-vscode {"startup":true,"extensionId":{"value":"RobbOwen.synthwave-vscode","_lower":"robbowen.synthwave-vscode"},"activationEvent":"*"}
[2020-08-14 15:33:45.151] [exthost] [info] ExtensionService#loadCommonJSModule file:///home/nate/.vscode-oss/extensions/robbowen.synthwave-vscode-0.1.6/src/extension.js
[2020-08-14 15:33:45.427] [exthost] [info] ExtensionService#_doActivateExtension vscode.github {"startup":true,"extensionId":{"value":"vscode.github","_lower":"vscode.github"},"activationEvent":"*"}
[2020-08-14 15:33:45.427] [exthost] [info] ExtensionService#loadCommonJSModule file:///usr/lib/code/extensions/github/dist/extension.js
[2020-08-14 15:33:45.449] [exthost] [info] eager extensions activated
[2020-08-14 15:34:07.630] [exthost] [info] ExtensionService#_doActivateExtension ms-vscode-remote.remote-ssh-nightly {"startup":false,"extensionId":{"value":"ms-vscode-remote.remote-ssh-nightly","_lower":"ms-vscode-remote.remote-ssh-nightly"},"activationEvent":"onCommand:opensshremotes.settings"}
[2020-08-14 15:34:07.630] [exthost] [info] ExtensionService#loadCommonJSModule file:///home/nate/.vscode-oss/extensions/ms-vscode-remote.remote-ssh-nightly-2020.8.18598/out/extension
[2020-08-14 15:34:07.776] [exthost] [error] Activating extension ms-vscode-remote.remote-ssh-nightly failed due to an error:
[2020-08-14 15:34:07.779] [exthost] [error] Error: [ms-vscode-remote.remote-ssh-nightly]: Proposed API is only available when running out of dev or with the following command line switch: --enable-proposed-api ms-vscode-remote.remote-ssh-nightly
	at a (/usr/lib/code/out/vs/workbench/services/extensions/node/extensionHostProcess.js:594:75)
	at Object.t.checkProposedApiEnabled (/usr/lib/code/out/vs/workbench/services/extensions/node/extensionHostProcess.js:594:437)
	at Object.registerRemoteAuthorityResolver (/usr/lib/code/out/vs/workbench/services/extensions/node/extensionHostProcess.js:922:143)
	at t.activate (/home/nate/.vscode-oss/extensions/ms-vscode-remote.remote-ssh-nightly-2020.8.18598/out/extension.js:127:147372)
	at Function._callActivateOptional (/usr/lib/code/out/vs/workbench/services/extensions/node/extensionHostProcess.js:837:509)
	at Function._callActivate (/usr/lib/code/out/vs/workbench/services/extensions/node/extensionHostProcess.js:837:160)
	at /usr/lib/code/out/vs/workbench/services/extensions/node/extensionHostProcess.js:835:703
	at async Promise.all (index 0)
[2020-08-14 15:34:21.661] [exthost] [info] ExtensionService#_doActivateExtension vscode.configuration-editing {"startup":false,"extensionId":{"value":"vscode.configuration-editing","_lower":"vscode.configuration-editing"},"activationEvent":"onLanguage:json"}
[2020-08-14 15:34:21.661] [exthost] [info] ExtensionService#loadCommonJSModule file:///usr/lib/code/extensions/configuration-editing/dist/configurationEditingMain
[2020-08-14 15:34:21.664] [exthost] [info] ExtensionService#_doActivateExtension vscode.extension-editing {"startup":false,"extensionId":{"value":"vscode.extension-editing","_lower":"vscode.extension-editing"},"activationEvent":"onLanguage:json"}
[2020-08-14 15:34:21.664] [exthost] [info] ExtensionService#loadCommonJSModule file:///usr/lib/code/extensions/extension-editing/dist/extension
[2020-08-14 15:34:21.669] [exthost] [info] ExtensionService#_doActivateExtension vscode.json-language-features {"startup":false,"extensionId":{"value":"vscode.json-language-features","_lower":"vscode.json-language-features"},"activationEvent":"onLanguage:json"}
[2020-08-14 15:34:21.669] [exthost] [info] ExtensionService#loadCommonJSModule file:///usr/lib/code/extensions/json-language-features/client/dist/node/jsonClientMain
[2020-08-14 15:34:21.684] [exthost] [info] ExtensionService#_doActivateExtension ms-vscode.js-debug {"startup":false,"extensionId":{"value":"ms-vscode.js-debug","_lower":"ms-vscode.js-debug"},"activationEvent":"onLanguage:json"}
[2020-08-14 15:34:21.684] [exthost] [info] ExtensionService#loadCommonJSModule file:///usr/lib/code/extensions/ms-vscode.js-debug/src/extension.js
[2020-08-14 15:34:21.779] [exthost] [info] ExtensionService#_doActivateExtension vscode.npm {"startup":false,"extensionId":{"value":"vscode.npm","_lower":"vscode.npm"},"activationEvent":"onLanguage:json"}
[2020-08-14 15:34:21.779] [exthost] [info] ExtensionService#loadCommonJSModule file:///usr/lib/code/extensions/npm/dist/npmMain
[2020-08-14 15:36:14.224] [exthost] [info] ExtensionService#_doActivateExtension Kelvin.vscode-sshfs {"startup":false,"extensionId":{"value":"Kelvin.vscode-sshfs","_lower":"kelvin.vscode-sshfs"},"activationEvent":"onCommand:sshfs.new"}
[2020-08-14 15:36:14.224] [exthost] [info] ExtensionService#loadCommonJSModule file:///home/nate/.vscode-oss/extensions/kelvin.vscode-sshfs-1.18.2/dist/extension.js
[2020-08-14 15:36:30.419] [exthost] [info] ExtensionService#_doActivateExtension vscode.typescript-language-features {"startup":false,"extensionId":{"value":"vscode.typescript-language-features","_lower":"vscode.typescript-language-features"},"activationEvent":"onLanguage:jsonc"}
[2020-08-14 15:36:30.419] [exthost] [info] ExtensionService#loadCommonJSModule file:///usr/lib/code/extensions/typescript-language-features/dist/extension
