[2020-08-23 00:43:55.368] [renderer1] [error] Unable to read file 'ssh://vultr-web/.vscode/settings.json' (Error: No such file): Error: Unable to read file 'ssh://vultr-web/.vscode/settings.json' (Error: No such file)
    at b.doReadAsFileStream (file:///usr/lib/code/out/vs/workbench/workbench.desktop.main.js:1694:7)
    at processTicksAndRejections (internal/process/task_queues.js:85:5)
[2020-08-23 00:43:55.368] [renderer1] [error] Unable to read file 'ssh://vultr-web/.vscode/tasks.json' (Error: No such file): Error: Unable to read file 'ssh://vultr-web/.vscode/tasks.json' (Error: No such file)
    at b.doReadAsFileStream (file:///usr/lib/code/out/vs/workbench/workbench.desktop.main.js:1694:7)
    at processTicksAndRejections (internal/process/task_queues.js:85:5)
[2020-08-23 00:43:55.368] [renderer1] [error] Unable to read file 'ssh://vultr-web/.vscode/launch.json' (Error: No such file): Error: Unable to read file 'ssh://vultr-web/.vscode/launch.json' (Error: No such file)
    at b.doReadAsFileStream (file:///usr/lib/code/out/vs/workbench/workbench.desktop.main.js:1694:7)
    at processTicksAndRejections (internal/process/task_queues.js:85:5)
[2020-08-23 00:43:55.368] [renderer1] [error] Unable to read file 'ssh://vultr-web/.vscode/settings.json' (Error: No such file): Error: Unable to read file 'ssh://vultr-web/.vscode/settings.json' (Error: No such file)
    at b.doReadAsFileStream (file:///usr/lib/code/out/vs/workbench/workbench.desktop.main.js:1694:7)
    at processTicksAndRejections (internal/process/task_queues.js:85:5)
[2020-08-23 00:43:55.368] [renderer1] [error] Unable to read file 'ssh://vultr-web/.vscode/tasks.json' (Error: No such file): Error: Unable to read file 'ssh://vultr-web/.vscode/tasks.json' (Error: No such file)
    at b.doReadAsFileStream (file:///usr/lib/code/out/vs/workbench/workbench.desktop.main.js:1694:7)
    at processTicksAndRejections (internal/process/task_queues.js:85:5)
[2020-08-23 00:43:55.368] [renderer1] [error] Unable to read file 'ssh://vultr-web/.vscode/launch.json' (Error: No such file): Error: Unable to read file 'ssh://vultr-web/.vscode/launch.json' (Error: No such file)
    at b.doReadAsFileStream (file:///usr/lib/code/out/vs/workbench/workbench.desktop.main.js:1694:7)
    at processTicksAndRejections (internal/process/task_queues.js:85:5)
[2020-08-23 00:44:16.501] [renderer1] [error] Unable to read file 'ssh://vultr-web/.vscode/settings.json' (Error: No such file): Error: Unable to read file 'ssh://vultr-web/.vscode/settings.json' (Error: No such file)
    at b.doReadAsFileStream (file:///usr/lib/code/out/vs/workbench/workbench.desktop.main.js:1694:7)
    at processTicksAndRejections (internal/process/task_queues.js:85:5)
[2020-08-23 00:44:16.501] [renderer1] [error] Unable to read file 'ssh://vultr-web/.vscode/tasks.json' (Error: No such file): Error: Unable to read file 'ssh://vultr-web/.vscode/tasks.json' (Error: No such file)
    at b.doReadAsFileStream (file:///usr/lib/code/out/vs/workbench/workbench.desktop.main.js:1694:7)
    at processTicksAndRejections (internal/process/task_queues.js:85:5)
[2020-08-23 00:44:16.501] [renderer1] [error] Unable to read file 'ssh://vultr-web/.vscode/launch.json' (Error: No such file): Error: Unable to read file 'ssh://vultr-web/.vscode/launch.json' (Error: No such file)
    at b.doReadAsFileStream (file:///usr/lib/code/out/vs/workbench/workbench.desktop.main.js:1694:7)
    at processTicksAndRejections (internal/process/task_queues.js:85:5)
[2020-08-23 00:44:16.501] [renderer1] [error] Unable to read file 'ssh://vultr-web/.vscode/settings.json' (Error: No such file): Error: Unable to read file 'ssh://vultr-web/.vscode/settings.json' (Error: No such file)
    at b.doReadAsFileStream (file:///usr/lib/code/out/vs/workbench/workbench.desktop.main.js:1694:7)
    at processTicksAndRejections (internal/process/task_queues.js:85:5)
[2020-08-23 00:44:16.501] [renderer1] [error] Unable to read file 'ssh://vultr-web/.vscode/tasks.json' (Error: No such file): Error: Unable to read file 'ssh://vultr-web/.vscode/tasks.json' (Error: No such file)
    at b.doReadAsFileStream (file:///usr/lib/code/out/vs/workbench/workbench.desktop.main.js:1694:7)
    at processTicksAndRejections (internal/process/task_queues.js:85:5)
[2020-08-23 00:44:16.501] [renderer1] [error] Unable to read file 'ssh://vultr-web/.vscode/launch.json' (Error: No such file): Error: Unable to read file 'ssh://vultr-web/.vscode/launch.json' (Error: No such file)
    at b.doReadAsFileStream (file:///usr/lib/code/out/vs/workbench/workbench.desktop.main.js:1694:7)
    at processTicksAndRejections (internal/process/task_queues.js:85:5)
